[ 2017-07-03T09:25:38+08:00 ] 127.0.0.1 /p?C1=1&C2=14401867&C3=4&C4=2_PPS_5%2E6%2E40%2E4071&C5=&C6=385286400
INFO: [ app_init ] --START--
INFO: Run Behavior\BuildLiteBehavior [ RunTime:0.000000s ]
INFO: [ app_init ] --END-- [ RunTime:0.001000s ]
ERR: 无法加载模块:P

[ 2017-07-03T09:26:19+08:00 ] 127.0.0.1 /p?C1=1&C2=14401867&C3=4&C4=2_PPS_5%2E6%2E40%2E4071&C5=&C6=385296600
INFO: [ app_init ] --START--
INFO: Run Behavior\BuildLiteBehavior [ RunTime:0.000000s ]
INFO: [ app_init ] --END-- [ RunTime:0.001000s ]
ERR: 无法加载模块:P

[ 2017-07-03T09:27:20+08:00 ] 127.0.0.1 /p?C1=1&C2=14401867&C3=4&C4=2_PPS_5%2E6%2E40%2E4071&C5=&C6=385302800
INFO: [ app_init ] --START--
INFO: Run Behavior\BuildLiteBehavior [ RunTime:0.000000s ]
INFO: [ app_init ] --END-- [ RunTime:0.001000s ]
ERR: 无法加载模块:P

[ 2017-07-03T09:27:59+08:00 ] 127.0.0.1 /p?C1=1&C2=14401867&C3=4&C4=2_PPS_5%2E6%2E40%2E4071&C5=&C6=385305500
INFO: [ app_init ] --START--
INFO: Run Behavior\BuildLiteBehavior [ RunTime:0.001000s ]
INFO: [ app_init ] --END-- [ RunTime:0.001000s ]
ERR: 无法加载模块:P

[ 2017-07-03T15:02:04+08:00 ] ::1 /think/admin/system/save
INFO: [ app_init ] --START--
INFO: Run Behavior\BuildLiteBehavior [ RunTime:0.000000s ]
INFO: [ app_init ] --END-- [ RunTime:0.001000s ]
ERR: 无法加载模块:Think

[ 2017-07-03T15:02:48+08:00 ] ::1 /think/admin/system/save
INFO: [ app_init ] --START--
INFO: Run Behavior\BuildLiteBehavior [ RunTime:0.000000s ]
INFO: [ app_init ] --END-- [ RunTime:0.000000s ]
ERR: 无法加载模块:Think

[ 2017-07-03T15:02:53+08:00 ] ::1 /think/admin/system/save
INFO: [ app_init ] --START--
INFO: Run Behavior\BuildLiteBehavior [ RunTime:0.000000s ]
INFO: [ app_init ] --END-- [ RunTime:0.001000s ]
ERR: 无法加载模块:Think

[ 2017-07-03T15:03:37+08:00 ] ::1 /think/admin/system/save
INFO: [ app_init ] --START--
INFO: Run Behavior\BuildLiteBehavior [ RunTime:0.000000s ]
INFO: [ app_init ] --END-- [ RunTime:0.001000s ]
ERR: 无法加载模块:Think

[ 2017-07-03T15:03:45+08:00 ] ::1 /think/admin/system/index
INFO: [ app_init ] --START--
INFO: Run Behavior\BuildLiteBehavior [ RunTime:0.000000s ]
INFO: [ app_init ] --END-- [ RunTime:0.000000s ]
ERR: 无法加载模块:Think

