[ 2017-07-01T09:59:04+08:00 ] 127.0.0.1 /beacon.js
INFO: [ app_init ] --START--
INFO: Run Behavior\BuildLiteBehavior [ RunTime:0.001000s ]
INFO: [ app_init ] --END-- [ RunTime:0.002000s ]
ERR: 无法加载模块:Beacon

[ 2017-07-01T09:59:52+08:00 ] 127.0.0.1 /beacon.js
INFO: [ app_init ] --START--
INFO: Run Behavior\BuildLiteBehavior [ RunTime:0.000000s ]
INFO: [ app_init ] --END-- [ RunTime:0.002000s ]
ERR: 无法加载模块:Beacon

[ 2017-07-01T10:03:09+08:00 ] 127.0.0.1 /b?c1=2&c2=6035715&rn=0.7812982302620324&c7=http%3A%2F%2Fwww.youku.com%2F&c3=&c4=http%3A%2F%2Fwww.youku.com%2F&c5=&c6=&c10=01bgkkan1p1ldr&c15=&c16=&c8=%E4%BC%98%E9%85%B7%E9%A6%96%E9%A1%B5&c9=https%3A%2F%2Fwww.baidu.com%2Flink%3Furl%3DMi0HTzGmrtxpe1Q6VG18D80gmyyPFMMWQT-GMW1LPoy%26wd%3D%26eqid%3Dab6844160005bf3200000003595702b7&cv=1.7
INFO: [ app_init ] --START--
INFO: Run Behavior\BuildLiteBehavior [ RunTime:0.000000s ]
INFO: [ app_init ] --END-- [ RunTime:0.001000s ]
ERR: 无法加载模块:B

[ 2017-07-01T10:03:21+08:00 ] 127.0.0.1 /b?c1=2&c2=6035715&rn=0.6652252991603673&c7=http%3A%2F%2Fv.youku.com%2Fv_show%2Fid_XNTYzNTQyMzU2.html%3Fspm%3Da2h0k.8191407.0.0%26from%3Ds1.8-1-1.1&c3=&c4=http%3A%2F%2Fv.youku.com%2Fv_show%2Fid_XNTYzNTQyMzU2.html%3Fspm%3Da2h0k.8191407.0.0%26from%3Ds1.8-1-1.1&c5=&c6=&c10=01bgkkan1p1ldr&c15=&c16=&c8=%E9%95%BF%E5%9D%82%E5%9D%A1%E2%80%94%E5%9C%A8%E7%BA%BF%E6%92%AD%E6%94%BE%E2%80%94%E3%80%8A%E9%95%BF%E5%9D%82%E5%9D%A1%E3%80%8B%E2%80%94%E5%8A%A8%E6%BC%AB%E2%80%94%E4%BC%98%E9%85%B7%E7%BD%91%EF%BC%8C%E8%A7%86%E9%A2%91%E9%AB%98%E6%B8%85%E5%9C%A8%E7%BA%BF%E8%A7%82%E7%9C%8B&c9=http%3A%2F%2Fwww.soku.com%2Fsearch_video%2Fq_%25E7%25A7%25A6%25E8%2585%2594%25E3%2580%258A%25E9%2595%25BF%25E5%259D%2582%25E5%259D%25A1%25E3%2580%258B%3Ff%3D1%26kb%3D040200000000000__%25E7%25A7%25A6%25E8%2585%2594%25E3%2580%258A%25E9%2595%25BF%25E5%259D%2582%25E5%259D%25A1%25E3%2580%258B%26spm%3Da2hww.20023042.&cv=1.7
INFO: [ app_init ] --START--
INFO: Run Behavior\BuildLiteBehavior [ RunTime:0.000000s ]
INFO: [ app_init ] --END-- [ RunTime:0.001000s ]
ERR: 无法加载模块:B

[ 2017-07-01T10:04:00+08:00 ] 127.0.0.1 /b?c1=2&c2=6035715&rn=0.271831312243078&c7=http%3A%2F%2Fv.youku.com%2Fv_show%2Fid_XNTYzNTQyMzU2.html%3Fspm%3Da2h0k.8191407.0.0%26from%3Ds1.8-1-1.1&c3=&c4=http%3A%2F%2Fv.youku.com%2Fv_show%2Fid_XNTYzNTQyMzU2.html%3Fspm%3Da2h0k.8191407.0.0%26from%3Ds1.8-1-1.1&c5=&c6=&c10=01bgkkan1p1ldr&c15=&c16=&c8=%E9%95%BF%E5%9D%82%E5%9D%A1%E2%80%94%E5%9C%A8%E7%BA%BF%E6%92%AD%E6%94%BE%E2%80%94%E3%80%8A%E9%95%BF%E5%9D%82%E5%9D%A1%E3%80%8B%E2%80%94%E5%8A%A8%E6%BC%AB%E2%80%94%E4%BC%98%E9%85%B7%E7%BD%91%EF%BC%8C%E8%A7%86%E9%A2%91%E9%AB%98%E6%B8%85%E5%9C%A8%E7%BA%BF%E8%A7%82%E7%9C%8B&c9=http%3A%2F%2Fwww.soku.com%2Fsearch_video%2Fq_%25E7%25A7%25A6%25E8%2585%2594%25E3%2580%258A%25E9%2595%25BF%25E5%259D%2582%25E5%259D%25A1%25E3%2580%258B%3Ff%3D1%26kb%3D040200000000000__%25E7%25A7%25A6%25E8%2585%2594%25E3%2580%258A%25E9%2595%25BF%25E5%259D%2582%25E5%259D%25A1%25E3%2580%258B%26spm%3Da2hww.20023042.&cv=1.7
INFO: [ app_init ] --START--
INFO: Run Behavior\BuildLiteBehavior [ RunTime:0.000000s ]
INFO: [ app_init ] --END-- [ RunTime:0.001000s ]
ERR: 无法加载模块:B

[ 2017-07-01T10:52:17+08:00 ] 127.0.0.1 /b?c1=2&c2=6035715&rn=0.6759142317827125&c7=http%3A%2F%2Fv.youku.com%2Fv_show%2Fid_XMjg1NzI0OTIwOA%3D%3D.html%3Fspm%3Da2h0k.8191407.0.0%26from%3Ds1.8-1-1.2&c3=&c4=http%3A%2F%2Fv.youku.com%2Fv_show%2Fid_XMjg1NzI0OTIwOA%3D%3D.html%3Fspm%3Da2h0k.8191407.0.0%26from%3Ds1.8-1-1.2&c5=&c6=&c10=01bgkkan1p1ldr&c15=&c16=&c8=%E7%99%BD%E6%B0%B4%E7%A7%A6%E8%85%9417062905%E2%80%94%E5%9C%A8%E7%BA%BF%E6%92%AD%E6%94%BE%E2%80%94%E4%BC%98%E9%85%B7%E7%BD%91%EF%BC%8C%E8%A7%86%E9%A2%91%E9%AB%98%E6%B8%85%E5%9C%A8%E7%BA%BF%E8%A7%82%E7%9C%8B&c9=http%3A%2F%2Fwww.soku.com%2Fsearch_video%2Fq_%25E7%25A7%25A6%25E8%2585%2594%25E3%2580%258A%25E9%2595%25BF%25E5%259D%2582%25E5%259D%25A1%25E3%2580%258B%3Ff%3D1%26kb%3D040200000000000__%25E7%25A7%25A6%25E8%2585%2594%25E3%2580%258A%25E9%2595%25BF%25E5%259D%2582%25E5%259D%25A1%25E3%2580%258B%26spm%3Da2hww.20023042.&cv=1.7
INFO: [ app_init ] --START--
INFO: Run Behavior\BuildLiteBehavior [ RunTime:0.000000s ]
INFO: [ app_init ] --END-- [ RunTime:0.001000s ]
ERR: 无法加载模块:B

[ 2017-07-01T12:00:39+08:00 ] ::1 /js/libs/modernizr.min.js
INFO: [ app_init ] --START--
INFO: Run Behavior\BuildLiteBehavior [ RunTime:0.000000s ]
INFO: [ app_init ] --END-- [ RunTime:0.001000s ]
ERR: 无法加载模块:Js

[ 2017-07-01T12:00:40+08:00 ] ::1 /js/libs/modernizr.min.js
INFO: [ app_init ] --START--
INFO: Run Behavior\BuildLiteBehavior [ RunTime:0.000000s ]
INFO: [ app_init ] --END-- [ RunTime:0.000000s ]
ERR: 无法加载模块:Js

[ 2017-07-01T20:29:08+08:00 ] ::1 /favicon.ico
INFO: [ app_init ] --START--
INFO: Run Behavior\BuildLiteBehavior [ RunTime:0.000000s ]
INFO: [ app_init ] --END-- [ RunTime:0.001001s ]
ERR: 无法加载模块:Favicon

[ 2017-07-01T21:25:47+08:00 ] 127.0.0.1 /beacon.js
INFO: [ app_init ] --START--
INFO: Run Behavior\BuildLiteBehavior [ RunTime:0.000000s ]
INFO: [ app_init ] --END-- [ RunTime:0.001000s ]
ERR: 无法加载模块:Beacon

[ 2017-07-01T21:26:19+08:00 ] 127.0.0.1 /beacon.js
INFO: [ app_init ] --START--
INFO: Run Behavior\BuildLiteBehavior [ RunTime:0.000000s ]
INFO: [ app_init ] --END-- [ RunTime:0.001000s ]
ERR: 无法加载模块:Beacon

[ 2017-07-01T21:27:20+08:00 ] 127.0.0.1 /crossdomain.xml
INFO: [ app_init ] --START--
INFO: Run Behavior\BuildLiteBehavior [ RunTime:0.000000s ]
INFO: [ app_init ] --END-- [ RunTime:0.001000s ]
ERR: 无法加载模块:Crossdomain

[ 2017-07-01T21:30:22+08:00 ] 127.0.0.1 /beacon.js
INFO: [ app_init ] --START--
INFO: Run Behavior\BuildLiteBehavior [ RunTime:0.000000s ]
INFO: [ app_init ] --END-- [ RunTime:0.000000s ]
ERR: 无法加载模块:Beacon

[ 2017-07-01T21:30:28+08:00 ] 127.0.0.1 /crossdomain.xml
INFO: [ app_init ] --START--
INFO: Run Behavior\BuildLiteBehavior [ RunTime:0.000000s ]
INFO: [ app_init ] --END-- [ RunTime:0.000000s ]
ERR: 无法加载模块:Crossdomain

[ 2017-07-01T21:30:50+08:00 ] 127.0.0.1 /beacon.js
INFO: [ app_init ] --START--
INFO: Run Behavior\BuildLiteBehavior [ RunTime:0.000000s ]
INFO: [ app_init ] --END-- [ RunTime:0.000000s ]
ERR: 无法加载模块:Beacon

[ 2017-07-01T21:30:55+08:00 ] 127.0.0.1 /crossdomain.xml
INFO: [ app_init ] --START--
INFO: Run Behavior\BuildLiteBehavior [ RunTime:0.000000s ]
INFO: [ app_init ] --END-- [ RunTime:0.001000s ]
ERR: 无法加载模块:Crossdomain

[ 2017-07-01T22:27:50+08:00 ] 127.0.0.1 /beacon.js
INFO: [ app_init ] --START--
INFO: Run Behavior\BuildLiteBehavior [ RunTime:0.000000s ]
INFO: [ app_init ] --END-- [ RunTime:0.000000s ]
ERR: 无法加载模块:Beacon

[ 2017-07-01T22:27:56+08:00 ] 127.0.0.1 /crossdomain.xml
INFO: [ app_init ] --START--
INFO: Run Behavior\BuildLiteBehavior [ RunTime:0.000000s ]
INFO: [ app_init ] --END-- [ RunTime:0.000000s ]
ERR: 无法加载模块:Crossdomain

[ 2017-07-01T23:16:55+08:00 ] 127.0.0.1 /beacon.js
INFO: [ app_init ] --START--
INFO: Run Behavior\BuildLiteBehavior [ RunTime:0.000000s ]
INFO: [ app_init ] --END-- [ RunTime:0.001000s ]
ERR: 无法加载模块:Beacon

[ 2017-07-01T23:17:00+08:00 ] 127.0.0.1 /crossdomain.xml
INFO: [ app_init ] --START--
INFO: Run Behavior\BuildLiteBehavior [ RunTime:0.000000s ]
INFO: [ app_init ] --END-- [ RunTime:0.000000s ]
ERR: 无法加载模块:Crossdomain

[ 2017-07-01T23:58:34+08:00 ] 127.0.0.1 /beacon.js
INFO: [ app_init ] --START--
INFO: Run Behavior\BuildLiteBehavior [ RunTime:0.000000s ]
INFO: [ app_init ] --END-- [ RunTime:0.001000s ]
ERR: 无法加载模块:Beacon

[ 2017-07-01T23:58:39+08:00 ] 127.0.0.1 /crossdomain.xml
INFO: [ app_init ] --START--
INFO: Run Behavior\BuildLiteBehavior [ RunTime:0.000000s ]
INFO: [ app_init ] --END-- [ RunTime:0.000000s ]
ERR: 无法加载模块:Crossdomain

